{"__type":"$$EventMessageAudit","id":"eb6a3cc5-d71a-4aca-ad6f-10846e799c3b","ts":"2025-07-03T18:48:16.802+02:00","eventName":"n8n.audit.workflow.updated","message":"n8n.audit.workflow.updated","payload":{"userId":"5b170517-3acc-4861-ab5d-c30898c07dee","_email":"dnowak.agent.kdp@gmail.com","_firstName":"Damian","_lastName":"Nowak","globalRole":"global:owner","workflowId":"RyUVzbOSKIqUR3Sy","workflowName":"n8n>ngrok"}}
{"__type":"$$EventMessageConfirm","confirm":"eb6a3cc5-d71a-4aca-ad6f-10846e799c3b","ts":"2025-07-03T18:48:16.803+02:00","source":{"id":"0","name":"eventBus"}}
{"__type":"$$EventMessageWorkflow","id":"132d2aa0-7c06-4ebc-98ce-58b88e3c2b44","ts":"2025-07-03T18:48:25.985+02:00","eventName":"n8n.workflow.started","message":"n8n.workflow.started","payload":{"executionId":"76","workflowId":"RyUVzbOSKIqUR3Sy","isManual":false,"workflowName":"n8n>ngrok"}}
{"__type":"$$EventMessageConfirm","confirm":"132d2aa0-7c06-4ebc-98ce-58b88e3c2b44","ts":"2025-07-03T18:48:25.986+02:00","source":{"id":"0","name":"eventBus"}}
{"__type":"$$EventMessageNode","id":"04f86415-fe13-43e1-bdef-76a37dda7820","ts":"2025-07-03T18:48:25.986+02:00","eventName":"n8n.node.started","message":"n8n.node.started","payload":{"workflowId":"RyUVzbOSKIqUR3Sy","workflowName":"n8n>ngrok","executionId":"76","nodeType":"n8n-nodes-base.telegramTrigger","nodeName":"Telegram Trigger","nodeId":"9c60b348-0b26-493e-bb48-48b2d5e30a94"}}
{"__type":"$$EventMessageConfirm","confirm":"04f86415-fe13-43e1-bdef-76a37dda7820","ts":"2025-07-03T18:48:25.986+02:00","source":{"id":"0","name":"eventBus"}}
{"__type":"$$EventMessageNode","id":"808c17d8-572c-4e91-8556-103103617871","ts":"2025-07-03T18:48:25.987+02:00","eventName":"n8n.node.finished","message":"n8n.node.finished","payload":{"workflowId":"RyUVzbOSKIqUR3Sy","workflowName":"n8n>ngrok","executionId":"76","nodeType":"n8n-nodes-base.telegramTrigger","nodeName":"Telegram Trigger","nodeId":"9c60b348-0b26-493e-bb48-48b2d5e30a94"}}
{"__type":"$$EventMessageConfirm","confirm":"808c17d8-572c-4e91-8556-103103617871","ts":"2025-07-03T18:48:25.987+02:00","source":{"id":"0","name":"eventBus"}}
{"__type":"$$EventMessageNode","id":"46fb6f6d-5edf-4076-b1ec-5d08907285d6","ts":"2025-07-03T18:48:25.987+02:00","eventName":"n8n.node.started","message":"n8n.node.started","payload":{"workflowId":"RyUVzbOSKIqUR3Sy","workflowName":"n8n>ngrok","executionId":"76","nodeType":"n8n-nodes-base.telegram","nodeName":"Telegram","nodeId":"9a74c18e-fb54-42a7-9524-e9990ce7a4fd"}}
{"__type":"$$EventMessageConfirm","confirm":"46fb6f6d-5edf-4076-b1ec-5d08907285d6","ts":"2025-07-03T18:48:25.988+02:00","source":{"id":"0","name":"eventBus"}}
{"__type":"$$EventMessageNode","id":"4613aa84-f3e5-410f-abd6-ef82b853006d","ts":"2025-07-03T18:48:26.270+02:00","eventName":"n8n.node.finished","message":"n8n.node.finished","payload":{"workflowId":"RyUVzbOSKIqUR3Sy","workflowName":"n8n>ngrok","executionId":"76","nodeType":"n8n-nodes-base.telegram","nodeName":"Telegram","nodeId":"9a74c18e-fb54-42a7-9524-e9990ce7a4fd"}}
{"__type":"$$EventMessageConfirm","confirm":"4613aa84-f3e5-410f-abd6-ef82b853006d","ts":"2025-07-03T18:48:26.270+02:00","source":{"id":"0","name":"eventBus"}}
{"__type":"$$EventMessageWorkflow","id":"ce1d4c5c-234b-4818-8d77-1f33eebc9624","ts":"2025-07-03T18:48:26.271+02:00","eventName":"n8n.workflow.success","message":"n8n.workflow.success","payload":{"executionId":"76","success":true,"isManual":false,"workflowId":"RyUVzbOSKIqUR3Sy","workflowName":"n8n>ngrok"}}
{"__type":"$$EventMessageConfirm","confirm":"ce1d4c5c-234b-4818-8d77-1f33eebc9624","ts":"2025-07-03T18:48:26.271+02:00","source":{"id":"0","name":"eventBus"}}
{"__type":"$$EventMessageAudit","id":"29fe809a-ce4c-4af8-adec-f3904e505161","ts":"2025-07-03T18:48:29.312+02:00","eventName":"n8n.audit.workflow.updated","message":"n8n.audit.workflow.updated","payload":{"userId":"5b170517-3acc-4861-ab5d-c30898c07dee","_email":"dnowak.agent.kdp@gmail.com","_firstName":"Damian","_lastName":"Nowak","globalRole":"global:owner","workflowId":"RyUVzbOSKIqUR3Sy","workflowName":"n8n>ngrok"}}
{"__type":"$$EventMessageConfirm","confirm":"29fe809a-ce4c-4af8-adec-f3904e505161","ts":"2025-07-03T18:48:29.312+02:00","source":{"id":"0","name":"eventBus"}}
{"__type":"$$EventMessageAudit","id":"03d69bcf-b2f3-43be-9ed5-c3ead96eed88","ts":"2025-07-03T18:48:42.934+02:00","eventName":"n8n.audit.workflow.updated","message":"n8n.audit.workflow.updated","payload":{"userId":"5b170517-3acc-4861-ab5d-c30898c07dee","_email":"dnowak.agent.kdp@gmail.com","_firstName":"Damian","_lastName":"Nowak","globalRole":"global:owner","workflowId":"RyUVzbOSKIqUR3Sy","workflowName":"n8n>telegram"}}
{"__type":"$$EventMessageConfirm","confirm":"03d69bcf-b2f3-43be-9ed5-c3ead96eed88","ts":"2025-07-03T18:48:42.934+02:00","source":{"id":"0","name":"eventBus"}}
{"__type":"$$EventMessageAudit","id":"897557f2-96ad-4db4-8847-10aee47fffda","ts":"2025-07-03T23:56:00.443+02:00","eventName":"n8n.audit.workflow.created","message":"n8n.audit.workflow.created","payload":{"userId":"5b170517-3acc-4861-ab5d-c30898c07dee","_email":"dnowak.agent.kdp@gmail.com","_firstName":"Damian","_lastName":"Nowak","globalRole":"global:owner","workflowId":"ZNoDqeOhnVmvm4eL","workflowName":"Wake up Render"}}
{"__type":"$$EventMessageConfirm","confirm":"897557f2-96ad-4db4-8847-10aee47fffda","ts":"2025-07-03T23:56:00.445+02:00","source":{"id":"0","name":"eventBus"}}
{"__type":"$$EventMessageAudit","id":"97e42ebd-257f-4fc1-b71b-0ffe4aae4a4a","ts":"2025-07-04T00:12:16.019+02:00","eventName":"n8n.audit.workflow.updated","message":"n8n.audit.workflow.updated","payload":{"userId":"5b170517-3acc-4861-ab5d-c30898c07dee","_email":"dnowak.agent.kdp@gmail.com","_firstName":"Damian","_lastName":"Nowak","globalRole":"global:owner","workflowId":"ZNoDqeOhnVmvm4eL","workflowName":"Wake up Render"}}
{"__type":"$$EventMessageConfirm","confirm":"97e42ebd-257f-4fc1-b71b-0ffe4aae4a4a","ts":"2025-07-04T00:12:16.019+02:00","source":{"id":"0","name":"eventBus"}}
{"__type":"$$EventMessageAudit","id":"21f510a0-02d2-47e9-80d6-08bc7073fdbb","ts":"2025-07-04T00:12:43.098+02:00","eventName":"n8n.audit.workflow.updated","message":"n8n.audit.workflow.updated","payload":{"userId":"5b170517-3acc-4861-ab5d-c30898c07dee","_email":"dnowak.agent.kdp@gmail.com","_firstName":"Damian","_lastName":"Nowak","globalRole":"global:owner","workflowId":"ZNoDqeOhnVmvm4eL","workflowName":"Wake up Render"}}
{"__type":"$$EventMessageConfirm","confirm":"21f510a0-02d2-47e9-80d6-08bc7073fdbb","ts":"2025-07-04T00:12:43.098+02:00","source":{"id":"0","name":"eventBus"}}
{"__type":"$$EventMessageWorkflow","id":"7ab26134-8c6e-45f8-8466-6935b9e22b15","ts":"2025-07-04T00:12:56.462+02:00","eventName":"n8n.workflow.started","message":"n8n.workflow.started","payload":{"executionId":"77","workflowId":"ZNoDqeOhnVmvm4eL","isManual":false,"workflowName":"Wake up Render"}}
{"__type":"$$EventMessageConfirm","confirm":"7ab26134-8c6e-45f8-8466-6935b9e22b15","ts":"2025-07-04T00:12:56.462+02:00","source":{"id":"0","name":"eventBus"}}
{"__type":"$$EventMessageNode","id":"0041e4fc-c78a-436d-b083-55a7c4dfd17d","ts":"2025-07-04T00:12:56.462+02:00","eventName":"n8n.node.started","message":"n8n.node.started","payload":{"workflowId":"ZNoDqeOhnVmvm4eL","workflowName":"Wake up Render","executionId":"77","nodeType":"n8n-nodes-base.webhook","nodeName":"Webhook","nodeId":"de32e9a1-ff3c-4c95-88b2-3085fd3b0251"}}
{"__type":"$$EventMessageConfirm","confirm":"0041e4fc-c78a-436d-b083-55a7c4dfd17d","ts":"2025-07-04T00:12:56.463+02:00","source":{"id":"0","name":"eventBus"}}
{"__type":"$$EventMessageNode","id":"01cd19f9-03d6-4831-b435-97fcbfb2feac","ts":"2025-07-04T00:12:56.463+02:00","eventName":"n8n.node.finished","message":"n8n.node.finished","payload":{"workflowId":"ZNoDqeOhnVmvm4eL","workflowName":"Wake up Render","executionId":"77","nodeType":"n8n-nodes-base.webhook","nodeName":"Webhook","nodeId":"de32e9a1-ff3c-4c95-88b2-3085fd3b0251"}}
{"__type":"$$EventMessageConfirm","confirm":"01cd19f9-03d6-4831-b435-97fcbfb2feac","ts":"2025-07-04T00:12:56.463+02:00","source":{"id":"0","name":"eventBus"}}
{"__type":"$$EventMessageWorkflow","id":"37b45831-671b-4858-a827-4d4fbe902e5a","ts":"2025-07-04T00:12:56.463+02:00","eventName":"n8n.workflow.success","message":"n8n.workflow.success","payload":{"executionId":"77","success":true,"isManual":false,"workflowId":"ZNoDqeOhnVmvm4eL","workflowName":"Wake up Render"}}
{"__type":"$$EventMessageConfirm","confirm":"37b45831-671b-4858-a827-4d4fbe902e5a","ts":"2025-07-04T00:12:56.463+02:00","source":{"id":"0","name":"eventBus"}}
{"__type":"$$EventMessageWorkflow","id":"52faa854-5e6d-415b-a275-36bfd6e841fc","ts":"2025-07-04T00:12:56.595+02:00","eventName":"n8n.workflow.started","message":"n8n.workflow.started","payload":{"executionId":"78","workflowId":"ZNoDqeOhnVmvm4eL","isManual":false,"workflowName":"Wake up Render"}}
{"__type":"$$EventMessageConfirm","confirm":"52faa854-5e6d-415b-a275-36bfd6e841fc","ts":"2025-07-04T00:12:56.595+02:00","source":{"id":"0","name":"eventBus"}}
{"__type":"$$EventMessageNode","id":"fdfda59c-8684-4c32-a839-47f32c3ae2f5","ts":"2025-07-04T00:12:56.595+02:00","eventName":"n8n.node.started","message":"n8n.node.started","payload":{"workflowId":"ZNoDqeOhnVmvm4eL","workflowName":"Wake up Render","executionId":"78","nodeType":"n8n-nodes-base.webhook","nodeName":"Webhook","nodeId":"de32e9a1-ff3c-4c95-88b2-3085fd3b0251"}}
{"__type":"$$EventMessageConfirm","confirm":"fdfda59c-8684-4c32-a839-47f32c3ae2f5","ts":"2025-07-04T00:12:56.595+02:00","source":{"id":"0","name":"eventBus"}}
{"__type":"$$EventMessageNode","id":"743b9f6e-3f40-4523-ac2e-f48b6fc90e67","ts":"2025-07-04T00:12:56.596+02:00","eventName":"n8n.node.finished","message":"n8n.node.finished","payload":{"workflowId":"ZNoDqeOhnVmvm4eL","workflowName":"Wake up Render","executionId":"78","nodeType":"n8n-nodes-base.webhook","nodeName":"Webhook","nodeId":"de32e9a1-ff3c-4c95-88b2-3085fd3b0251"}}
{"__type":"$$EventMessageConfirm","confirm":"743b9f6e-3f40-4523-ac2e-f48b6fc90e67","ts":"2025-07-04T00:12:56.596+02:00","source":{"id":"0","name":"eventBus"}}
{"__type":"$$EventMessageWorkflow","id":"40f663fd-b128-4d39-aa07-2c0552e797ad","ts":"2025-07-04T00:12:56.596+02:00","eventName":"n8n.workflow.success","message":"n8n.workflow.success","payload":{"executionId":"78","success":true,"isManual":false,"workflowId":"ZNoDqeOhnVmvm4eL","workflowName":"Wake up Render"}}
{"__type":"$$EventMessageConfirm","confirm":"40f663fd-b128-4d39-aa07-2c0552e797ad","ts":"2025-07-04T00:12:56.596+02:00","source":{"id":"0","name":"eventBus"}}
{"__type":"$$EventMessageWorkflow","id":"1df6093c-b49d-43d5-a485-cf37f9bd3fa7","ts":"2025-07-04T00:13:30.093+02:00","eventName":"n8n.workflow.started","message":"n8n.workflow.started","payload":{"executionId":"79","workflowId":"ZNoDqeOhnVmvm4eL","isManual":false,"workflowName":"Wake up Render"}}
{"__type":"$$EventMessageConfirm","confirm":"1df6093c-b49d-43d5-a485-cf37f9bd3fa7","ts":"2025-07-04T00:13:30.094+02:00","source":{"id":"0","name":"eventBus"}}
{"__type":"$$EventMessageNode","id":"368a6417-250f-466d-b6d7-8ce70f7b4094","ts":"2025-07-04T00:13:30.095+02:00","eventName":"n8n.node.started","message":"n8n.node.started","payload":{"workflowId":"ZNoDqeOhnVmvm4eL","workflowName":"Wake up Render","executionId":"79","nodeType":"n8n-nodes-base.webhook","nodeName":"Webhook","nodeId":"de32e9a1-ff3c-4c95-88b2-3085fd3b0251"}}
{"__type":"$$EventMessageConfirm","confirm":"368a6417-250f-466d-b6d7-8ce70f7b4094","ts":"2025-07-04T00:13:30.096+02:00","source":{"id":"0","name":"eventBus"}}
{"__type":"$$EventMessageNode","id":"71cbc114-c759-4d6b-987c-eb8b321ce095","ts":"2025-07-04T00:13:30.096+02:00","eventName":"n8n.node.finished","message":"n8n.node.finished","payload":{"workflowId":"ZNoDqeOhnVmvm4eL","workflowName":"Wake up Render","executionId":"79","nodeType":"n8n-nodes-base.webhook","nodeName":"Webhook","nodeId":"de32e9a1-ff3c-4c95-88b2-3085fd3b0251"}}
{"__type":"$$EventMessageConfirm","confirm":"71cbc114-c759-4d6b-987c-eb8b321ce095","ts":"2025-07-04T00:13:30.096+02:00","source":{"id":"0","name":"eventBus"}}
{"__type":"$$EventMessageWorkflow","id":"b7ede7e1-1305-4d0e-8f14-ce374c5ae5c1","ts":"2025-07-04T00:13:30.099+02:00","eventName":"n8n.workflow.success","message":"n8n.workflow.success","payload":{"executionId":"79","success":true,"isManual":false,"workflowId":"ZNoDqeOhnVmvm4eL","workflowName":"Wake up Render"}}
{"__type":"$$EventMessageConfirm","confirm":"b7ede7e1-1305-4d0e-8f14-ce374c5ae5c1","ts":"2025-07-04T00:13:30.099+02:00","source":{"id":"0","name":"eventBus"}}
{"__type":"$$EventMessageWorkflow","id":"853bf4c8-235f-4b69-a544-3af74d349982","ts":"2025-07-04T00:14:17.655+02:00","eventName":"n8n.workflow.started","message":"n8n.workflow.started","payload":{"executionId":"80","workflowId":"ZNoDqeOhnVmvm4eL","isManual":false,"workflowName":"Wake up Render"}}
{"__type":"$$EventMessageConfirm","confirm":"853bf4c8-235f-4b69-a544-3af74d349982","ts":"2025-07-04T00:14:17.656+02:00","source":{"id":"0","name":"eventBus"}}
{"__type":"$$EventMessageNode","id":"d29022f8-14fa-4512-a62d-27e673f6bf23","ts":"2025-07-04T00:14:17.656+02:00","eventName":"n8n.node.started","message":"n8n.node.started","payload":{"workflowId":"ZNoDqeOhnVmvm4eL","workflowName":"Wake up Render","executionId":"80","nodeType":"n8n-nodes-base.webhook","nodeName":"Webhook","nodeId":"de32e9a1-ff3c-4c95-88b2-3085fd3b0251"}}
{"__type":"$$EventMessageConfirm","confirm":"d29022f8-14fa-4512-a62d-27e673f6bf23","ts":"2025-07-04T00:14:17.656+02:00","source":{"id":"0","name":"eventBus"}}
{"__type":"$$EventMessageNode","id":"9ce930a7-958a-497f-b9da-5ecb44de0b82","ts":"2025-07-04T00:14:17.656+02:00","eventName":"n8n.node.finished","message":"n8n.node.finished","payload":{"workflowId":"ZNoDqeOhnVmvm4eL","workflowName":"Wake up Render","executionId":"80","nodeType":"n8n-nodes-base.webhook","nodeName":"Webhook","nodeId":"de32e9a1-ff3c-4c95-88b2-3085fd3b0251"}}
{"__type":"$$EventMessageConfirm","confirm":"9ce930a7-958a-497f-b9da-5ecb44de0b82","ts":"2025-07-04T00:14:17.656+02:00","source":{"id":"0","name":"eventBus"}}
{"__type":"$$EventMessageWorkflow","id":"ed54c355-dd01-4870-b775-21a006fc4dc6","ts":"2025-07-04T00:14:17.656+02:00","eventName":"n8n.workflow.success","message":"n8n.workflow.success","payload":{"executionId":"80","success":true,"isManual":false,"workflowId":"ZNoDqeOhnVmvm4eL","workflowName":"Wake up Render"}}
{"__type":"$$EventMessageConfirm","confirm":"ed54c355-dd01-4870-b775-21a006fc4dc6","ts":"2025-07-04T00:14:17.656+02:00","source":{"id":"0","name":"eventBus"}}
{"__type":"$$EventMessageAudit","id":"10661afd-26e6-436e-a990-5a760af82cc1","ts":"2025-07-04T00:15:27.757+02:00","eventName":"n8n.audit.workflow.updated","message":"n8n.audit.workflow.updated","payload":{"userId":"5b170517-3acc-4861-ab5d-c30898c07dee","_email":"dnowak.agent.kdp@gmail.com","_firstName":"Damian","_lastName":"Nowak","globalRole":"global:owner","workflowId":"ZNoDqeOhnVmvm4eL","workflowName":"Wake up Render"}}
{"__type":"$$EventMessageConfirm","confirm":"10661afd-26e6-436e-a990-5a760af82cc1","ts":"2025-07-04T00:15:27.757+02:00","source":{"id":"0","name":"eventBus"}}
{"__type":"$$EventMessageWorkflow","id":"622b1d7f-70d0-4a30-b30e-e634403687e9","ts":"2025-07-04T00:15:29.122+02:00","eventName":"n8n.workflow.started","message":"n8n.workflow.started","payload":{"executionId":"81","workflowId":"ZNoDqeOhnVmvm4eL","isManual":false,"workflowName":"Wake up Render"}}
{"__type":"$$EventMessageConfirm","confirm":"622b1d7f-70d0-4a30-b30e-e634403687e9","ts":"2025-07-04T00:15:29.122+02:00","source":{"id":"0","name":"eventBus"}}
{"__type":"$$EventMessageNode","id":"032d57ab-f242-42ed-9a6b-e58beeeeaa9d","ts":"2025-07-04T00:15:29.123+02:00","eventName":"n8n.node.started","message":"n8n.node.started","payload":{"workflowId":"ZNoDqeOhnVmvm4eL","workflowName":"Wake up Render","executionId":"81","nodeType":"n8n-nodes-base.webhook","nodeName":"Webhook","nodeId":"de32e9a1-ff3c-4c95-88b2-3085fd3b0251"}}
{"__type":"$$EventMessageConfirm","confirm":"032d57ab-f242-42ed-9a6b-e58beeeeaa9d","ts":"2025-07-04T00:15:29.123+02:00","source":{"id":"0","name":"eventBus"}}
{"__type":"$$EventMessageNode","id":"30c96f71-655d-408f-bc60-f37c99ee50e9","ts":"2025-07-04T00:15:29.124+02:00","eventName":"n8n.node.finished","message":"n8n.node.finished","payload":{"workflowId":"ZNoDqeOhnVmvm4eL","workflowName":"Wake up Render","executionId":"81","nodeType":"n8n-nodes-base.webhook","nodeName":"Webhook","nodeId":"de32e9a1-ff3c-4c95-88b2-3085fd3b0251"}}
{"__type":"$$EventMessageConfirm","confirm":"30c96f71-655d-408f-bc60-f37c99ee50e9","ts":"2025-07-04T00:15:29.124+02:00","source":{"id":"0","name":"eventBus"}}
{"__type":"$$EventMessageWorkflow","id":"db3bc06b-b873-49b9-89b1-4f10952ad176","ts":"2025-07-04T00:15:29.126+02:00","eventName":"n8n.workflow.success","message":"n8n.workflow.success","payload":{"userId":"5b170517-3acc-4861-ab5d-c30898c07dee","executionId":"81","success":true,"isManual":true,"workflowId":"ZNoDqeOhnVmvm4eL","workflowName":"Wake up Render"}}
{"__type":"$$EventMessageConfirm","confirm":"db3bc06b-b873-49b9-89b1-4f10952ad176","ts":"2025-07-04T00:15:29.126+02:00","source":{"id":"0","name":"eventBus"}}
{"__type":"$$EventMessageAudit","id":"f2214b31-4cd5-45d5-85dc-4f7970ee9725","ts":"2025-07-04T00:17:56.416+02:00","eventName":"n8n.audit.workflow.updated","message":"n8n.audit.workflow.updated","payload":{"userId":"5b170517-3acc-4861-ab5d-c30898c07dee","_email":"dnowak.agent.kdp@gmail.com","_firstName":"Damian","_lastName":"Nowak","globalRole":"global:owner","workflowId":"ZNoDqeOhnVmvm4eL","workflowName":"Wake up Render"}}
{"__type":"$$EventMessageConfirm","confirm":"f2214b31-4cd5-45d5-85dc-4f7970ee9725","ts":"2025-07-04T00:17:56.416+02:00","source":{"id":"0","name":"eventBus"}}
{"__type":"$$EventMessageAudit","id":"f47fc658-4725-45c3-ac64-3f67d285d939","ts":"2025-07-04T00:42:14.169+02:00","eventName":"n8n.audit.workflow.updated","message":"n8n.audit.workflow.updated","payload":{"userId":"5b170517-3acc-4861-ab5d-c30898c07dee","_email":"dnowak.agent.kdp@gmail.com","_firstName":"Damian","_lastName":"Nowak","globalRole":"global:owner","workflowId":"ZNoDqeOhnVmvm4eL","workflowName":"Wake up Render"}}
{"__type":"$$EventMessageConfirm","confirm":"f47fc658-4725-45c3-ac64-3f67d285d939","ts":"2025-07-04T00:42:14.170+02:00","source":{"id":"0","name":"eventBus"}}
{"__type":"$$EventMessageAudit","id":"997bf2ab-1337-40d0-b0a5-7838badd75b3","ts":"2025-07-04T00:42:16.739+02:00","eventName":"n8n.audit.workflow.updated","message":"n8n.audit.workflow.updated","payload":{"userId":"5b170517-3acc-4861-ab5d-c30898c07dee","_email":"dnowak.agent.kdp@gmail.com","_firstName":"Damian","_lastName":"Nowak","globalRole":"global:owner","workflowId":"ZNoDqeOhnVmvm4eL","workflowName":"Wake up Render"}}
{"__type":"$$EventMessageConfirm","confirm":"997bf2ab-1337-40d0-b0a5-7838badd75b3","ts":"2025-07-04T00:42:16.740+02:00","source":{"id":"0","name":"eventBus"}}
{"__type":"$$EventMessageWorkflow","id":"6d0696d8-f20c-44a2-8dc7-8c92eddb480a","ts":"2025-07-04T00:42:20.249+02:00","eventName":"n8n.workflow.started","message":"n8n.workflow.started","payload":{"executionId":"82","workflowId":"ZNoDqeOhnVmvm4eL","isManual":false,"workflowName":"Wake up Render"}}
{"__type":"$$EventMessageConfirm","confirm":"6d0696d8-f20c-44a2-8dc7-8c92eddb480a","ts":"2025-07-04T00:42:20.249+02:00","source":{"id":"0","name":"eventBus"}}
{"__type":"$$EventMessageNode","id":"6d914ca9-781e-41ce-922e-19a397d82108","ts":"2025-07-04T00:42:20.250+02:00","eventName":"n8n.node.started","message":"n8n.node.started","payload":{"workflowId":"ZNoDqeOhnVmvm4eL","workflowName":"Wake up Render","executionId":"82","nodeType":"n8n-nodes-base.webhook","nodeName":"Webhook","nodeId":"de32e9a1-ff3c-4c95-88b2-3085fd3b0251"}}
{"__type":"$$EventMessageConfirm","confirm":"6d914ca9-781e-41ce-922e-19a397d82108","ts":"2025-07-04T00:42:20.250+02:00","source":{"id":"0","name":"eventBus"}}
{"__type":"$$EventMessageNode","id":"15df5af4-62e6-4bf3-9315-f276ef41d3f0","ts":"2025-07-04T00:42:20.251+02:00","eventName":"n8n.node.finished","message":"n8n.node.finished","payload":{"workflowId":"ZNoDqeOhnVmvm4eL","workflowName":"Wake up Render","executionId":"82","nodeType":"n8n-nodes-base.webhook","nodeName":"Webhook","nodeId":"de32e9a1-ff3c-4c95-88b2-3085fd3b0251"}}
{"__type":"$$EventMessageConfirm","confirm":"15df5af4-62e6-4bf3-9315-f276ef41d3f0","ts":"2025-07-04T00:42:20.251+02:00","source":{"id":"0","name":"eventBus"}}
{"__type":"$$EventMessageNode","id":"d60643df-8bc1-4fee-ab19-ed5a6a9b2b5a","ts":"2025-07-04T00:42:20.252+02:00","eventName":"n8n.node.started","message":"n8n.node.started","payload":{"workflowId":"ZNoDqeOhnVmvm4eL","workflowName":"Wake up Render","executionId":"82","nodeType":"n8n-nodes-base.set","nodeName":"Edit Fields","nodeId":"cc4e99fb-71a7-47c9-b8e9-938e5514ba4c"}}
{"__type":"$$EventMessageConfirm","confirm":"d60643df-8bc1-4fee-ab19-ed5a6a9b2b5a","ts":"2025-07-04T00:42:20.252+02:00","source":{"id":"0","name":"eventBus"}}
{"__type":"$$EventMessageNode","id":"9c141157-218c-4b6c-a743-f23cfd729db2","ts":"2025-07-04T00:42:20.255+02:00","eventName":"n8n.node.finished","message":"n8n.node.finished","payload":{"workflowId":"ZNoDqeOhnVmvm4eL","workflowName":"Wake up Render","executionId":"82","nodeType":"n8n-nodes-base.set","nodeName":"Edit Fields","nodeId":"cc4e99fb-71a7-47c9-b8e9-938e5514ba4c"}}
{"__type":"$$EventMessageConfirm","confirm":"9c141157-218c-4b6c-a743-f23cfd729db2","ts":"2025-07-04T00:42:20.255+02:00","source":{"id":"0","name":"eventBus"}}
{"__type":"$$EventMessageNode","id":"80eb7f2c-836b-41ad-b84d-4bf5f844e65d","ts":"2025-07-04T00:42:20.255+02:00","eventName":"n8n.node.started","message":"n8n.node.started","payload":{"workflowId":"ZNoDqeOhnVmvm4eL","workflowName":"Wake up Render","executionId":"82","nodeType":"n8n-nodes-base.httpRequest","nodeName":"HTTP Request","nodeId":"17641e53-d815-4574-b862-00fe33b18f54"}}
{"__type":"$$EventMessageConfirm","confirm":"80eb7f2c-836b-41ad-b84d-4bf5f844e65d","ts":"2025-07-04T00:42:20.255+02:00","source":{"id":"0","name":"eventBus"}}
{"__type":"$$EventMessageNode","id":"759f58cf-cbe4-447a-b36a-4072d8aef9a6","ts":"2025-07-04T00:42:20.690+02:00","eventName":"n8n.node.finished","message":"n8n.node.finished","payload":{"workflowId":"ZNoDqeOhnVmvm4eL","workflowName":"Wake up Render","executionId":"82","nodeType":"n8n-nodes-base.httpRequest","nodeName":"HTTP Request","nodeId":"17641e53-d815-4574-b862-00fe33b18f54"}}
{"__type":"$$EventMessageConfirm","confirm":"759f58cf-cbe4-447a-b36a-4072d8aef9a6","ts":"2025-07-04T00:42:20.690+02:00","source":{"id":"0","name":"eventBus"}}
{"__type":"$$EventMessageWorkflow","id":"eb5492f4-632b-4d78-bbeb-9ad0f8dc0611","ts":"2025-07-04T00:42:20.691+02:00","eventName":"n8n.workflow.success","message":"n8n.workflow.success","payload":{"userId":"5b170517-3acc-4861-ab5d-c30898c07dee","executionId":"82","success":true,"isManual":true,"workflowId":"ZNoDqeOhnVmvm4eL","workflowName":"Wake up Render"}}
{"__type":"$$EventMessageConfirm","confirm":"eb5492f4-632b-4d78-bbeb-9ad0f8dc0611","ts":"2025-07-04T00:42:20.691+02:00","source":{"id":"0","name":"eventBus"}}
{"__type":"$$EventMessageWorkflow","id":"02842a09-72c0-4f9f-a44f-c41f182edd25","ts":"2025-07-04T00:42:51.624+02:00","eventName":"n8n.workflow.started","message":"n8n.workflow.started","payload":{"executionId":"83","workflowId":"ZNoDqeOhnVmvm4eL","isManual":false,"workflowName":"Wake up Render"}}
{"__type":"$$EventMessageConfirm","confirm":"02842a09-72c0-4f9f-a44f-c41f182edd25","ts":"2025-07-04T00:42:51.624+02:00","source":{"id":"0","name":"eventBus"}}
{"__type":"$$EventMessageNode","id":"80aa0c15-9196-4ed9-a807-0b3b4b9b012f","ts":"2025-07-04T00:42:51.624+02:00","eventName":"n8n.node.started","message":"n8n.node.started","payload":{"workflowId":"ZNoDqeOhnVmvm4eL","workflowName":"Wake up Render","executionId":"83","nodeType":"n8n-nodes-base.webhook","nodeName":"Webhook","nodeId":"de32e9a1-ff3c-4c95-88b2-3085fd3b0251"}}
{"__type":"$$EventMessageConfirm","confirm":"80aa0c15-9196-4ed9-a807-0b3b4b9b012f","ts":"2025-07-04T00:42:51.625+02:00","source":{"id":"0","name":"eventBus"}}
{"__type":"$$EventMessageNode","id":"1e0a0015-e5c3-4be9-9837-428f5de0e959","ts":"2025-07-04T00:42:51.625+02:00","eventName":"n8n.node.finished","message":"n8n.node.finished","payload":{"workflowId":"ZNoDqeOhnVmvm4eL","workflowName":"Wake up Render","executionId":"83","nodeType":"n8n-nodes-base.webhook","nodeName":"Webhook","nodeId":"de32e9a1-ff3c-4c95-88b2-3085fd3b0251"}}
{"__type":"$$EventMessageConfirm","confirm":"1e0a0015-e5c3-4be9-9837-428f5de0e959","ts":"2025-07-04T00:42:51.625+02:00","source":{"id":"0","name":"eventBus"}}
{"__type":"$$EventMessageNode","id":"f15f9451-5d3e-4aa9-89ac-9ac16689ab4d","ts":"2025-07-04T00:42:51.625+02:00","eventName":"n8n.node.started","message":"n8n.node.started","payload":{"workflowId":"ZNoDqeOhnVmvm4eL","workflowName":"Wake up Render","executionId":"83","nodeType":"n8n-nodes-base.set","nodeName":"Edit Fields","nodeId":"cc4e99fb-71a7-47c9-b8e9-938e5514ba4c"}}
{"__type":"$$EventMessageConfirm","confirm":"f15f9451-5d3e-4aa9-89ac-9ac16689ab4d","ts":"2025-07-04T00:42:51.625+02:00","source":{"id":"0","name":"eventBus"}}
{"__type":"$$EventMessageNode","id":"f24b19c1-9d60-46d6-9f47-bb09e9a8cedf","ts":"2025-07-04T00:42:51.625+02:00","eventName":"n8n.node.finished","message":"n8n.node.finished","payload":{"workflowId":"ZNoDqeOhnVmvm4eL","workflowName":"Wake up Render","executionId":"83","nodeType":"n8n-nodes-base.set","nodeName":"Edit Fields","nodeId":"cc4e99fb-71a7-47c9-b8e9-938e5514ba4c"}}
{"__type":"$$EventMessageConfirm","confirm":"f24b19c1-9d60-46d6-9f47-bb09e9a8cedf","ts":"2025-07-04T00:42:51.625+02:00","source":{"id":"0","name":"eventBus"}}
{"__type":"$$EventMessageNode","id":"dd30555a-4e60-4a77-98f8-acc8533fe3be","ts":"2025-07-04T00:42:51.625+02:00","eventName":"n8n.node.started","message":"n8n.node.started","payload":{"workflowId":"ZNoDqeOhnVmvm4eL","workflowName":"Wake up Render","executionId":"83","nodeType":"n8n-nodes-base.httpRequest","nodeName":"HTTP Request","nodeId":"17641e53-d815-4574-b862-00fe33b18f54"}}
{"__type":"$$EventMessageConfirm","confirm":"dd30555a-4e60-4a77-98f8-acc8533fe3be","ts":"2025-07-04T00:42:51.625+02:00","source":{"id":"0","name":"eventBus"}}
{"__type":"$$EventMessageNode","id":"59ea9953-a022-4719-aa22-6d81bfd66eb2","ts":"2025-07-04T00:42:51.878+02:00","eventName":"n8n.node.finished","message":"n8n.node.finished","payload":{"workflowId":"ZNoDqeOhnVmvm4eL","workflowName":"Wake up Render","executionId":"83","nodeType":"n8n-nodes-base.httpRequest","nodeName":"HTTP Request","nodeId":"17641e53-d815-4574-b862-00fe33b18f54"}}
{"__type":"$$EventMessageConfirm","confirm":"59ea9953-a022-4719-aa22-6d81bfd66eb2","ts":"2025-07-04T00:42:51.878+02:00","source":{"id":"0","name":"eventBus"}}
{"__type":"$$EventMessageWorkflow","id":"7a4f9b2e-97e1-4e9c-aaf0-83e602d7abf2","ts":"2025-07-04T00:42:51.878+02:00","eventName":"n8n.workflow.success","message":"n8n.workflow.success","payload":{"executionId":"83","success":true,"isManual":false,"workflowId":"ZNoDqeOhnVmvm4eL","workflowName":"Wake up Render"}}
{"__type":"$$EventMessageConfirm","confirm":"7a4f9b2e-97e1-4e9c-aaf0-83e602d7abf2","ts":"2025-07-04T00:42:51.878+02:00","source":{"id":"0","name":"eventBus"}}
{"__type":"$$EventMessageAudit","id":"ac8a5317-dc40-4747-9c2a-82952af93870","ts":"2025-07-04T00:45:54.957+02:00","eventName":"n8n.audit.workflow.updated","message":"n8n.audit.workflow.updated","payload":{"userId":"5b170517-3acc-4861-ab5d-c30898c07dee","_email":"dnowak.agent.kdp@gmail.com","_firstName":"Damian","_lastName":"Nowak","globalRole":"global:owner","workflowId":"ZNoDqeOhnVmvm4eL","workflowName":"Wake up Render"}}
{"__type":"$$EventMessageConfirm","confirm":"ac8a5317-dc40-4747-9c2a-82952af93870","ts":"2025-07-04T00:45:54.957+02:00","source":{"id":"0","name":"eventBus"}}
{"__type":"$$EventMessageWorkflow","id":"cf89d004-6188-4dcc-91c5-5d87cffdd54f","ts":"2025-07-04T00:46:00.426+02:00","eventName":"n8n.workflow.started","message":"n8n.workflow.started","payload":{"executionId":"84","workflowId":"ZNoDqeOhnVmvm4eL","isManual":false,"workflowName":"Wake up Render"}}
{"__type":"$$EventMessageConfirm","confirm":"cf89d004-6188-4dcc-91c5-5d87cffdd54f","ts":"2025-07-04T00:46:00.426+02:00","source":{"id":"0","name":"eventBus"}}
{"__type":"$$EventMessageNode","id":"68ef8f54-6cc9-48b2-957e-2099efd4e51c","ts":"2025-07-04T00:46:00.427+02:00","eventName":"n8n.node.started","message":"n8n.node.started","payload":{"workflowId":"ZNoDqeOhnVmvm4eL","workflowName":"Wake up Render","executionId":"84","nodeType":"n8n-nodes-base.telegram","nodeName":"Send a text message","nodeId":"fb60169c-e6cf-42ff-b857-31f640302a3d"}}
{"__type":"$$EventMessageConfirm","confirm":"68ef8f54-6cc9-48b2-957e-2099efd4e51c","ts":"2025-07-04T00:46:00.427+02:00","source":{"id":"0","name":"eventBus"}}
{"__type":"$$EventMessageNode","id":"62b7d2a3-5e26-4e77-ba8c-287778b1f0e5","ts":"2025-07-04T00:46:00.928+02:00","eventName":"n8n.node.finished","message":"n8n.node.finished","payload":{"workflowId":"ZNoDqeOhnVmvm4eL","workflowName":"Wake up Render","executionId":"84","nodeType":"n8n-nodes-base.telegram","nodeName":"Send a text message","nodeId":"fb60169c-e6cf-42ff-b857-31f640302a3d"}}
{"__type":"$$EventMessageConfirm","confirm":"62b7d2a3-5e26-4e77-ba8c-287778b1f0e5","ts":"2025-07-04T00:46:00.928+02:00","source":{"id":"0","name":"eventBus"}}
{"__type":"$$EventMessageWorkflow","id":"c2caa3ff-7d8c-4a02-9b0e-57cc9e976d47","ts":"2025-07-04T00:46:00.930+02:00","eventName":"n8n.workflow.failed","message":"n8n.workflow.failed","payload":{"userId":"5b170517-3acc-4861-ab5d-c30898c07dee","executionId":"84","success":false,"isManual":true,"workflowId":"ZNoDqeOhnVmvm4eL","workflowName":"Wake up Render","lastNodeExecuted":"Send a text message","errorNodeType":"n8n-nodes-base.telegram","errorMessage":"Bad request - please check your parameters"}}
{"__type":"$$EventMessageConfirm","confirm":"c2caa3ff-7d8c-4a02-9b0e-57cc9e976d47","ts":"2025-07-04T00:46:00.930+02:00","source":{"id":"0","name":"eventBus"}}
{"__type":"$$EventMessageAudit","id":"58458285-ec82-44f9-bced-06efb1e7549d","ts":"2025-07-04T00:46:18.108+02:00","eventName":"n8n.audit.workflow.updated","message":"n8n.audit.workflow.updated","payload":{"userId":"5b170517-3acc-4861-ab5d-c30898c07dee","_email":"dnowak.agent.kdp@gmail.com","_firstName":"Damian","_lastName":"Nowak","globalRole":"global:owner","workflowId":"ZNoDqeOhnVmvm4eL","workflowName":"Wake up Render"}}
{"__type":"$$EventMessageConfirm","confirm":"58458285-ec82-44f9-bced-06efb1e7549d","ts":"2025-07-04T00:46:18.108+02:00","source":{"id":"0","name":"eventBus"}}
{"__type":"$$EventMessageWorkflow","id":"feec0fdf-c505-482f-98c6-51837794d021","ts":"2025-07-04T01:00:24.979+02:00","eventName":"n8n.workflow.started","message":"n8n.workflow.started","payload":{"executionId":"85","workflowId":"ZNoDqeOhnVmvm4eL","isManual":false,"workflowName":"Wake up Render"}}
{"__type":"$$EventMessageConfirm","confirm":"feec0fdf-c505-482f-98c6-51837794d021","ts":"2025-07-04T01:00:24.979+02:00","source":{"id":"0","name":"eventBus"}}
{"__type":"$$EventMessageNode","id":"9cf0b71e-8d52-4304-ac31-27387e5396f9","ts":"2025-07-04T01:00:24.980+02:00","eventName":"n8n.node.started","message":"n8n.node.started","payload":{"workflowId":"ZNoDqeOhnVmvm4eL","workflowName":"Wake up Render","executionId":"85","nodeType":"n8n-nodes-base.telegram","nodeName":"Send a text message","nodeId":"fb60169c-e6cf-42ff-b857-31f640302a3d"}}
{"__type":"$$EventMessageConfirm","confirm":"9cf0b71e-8d52-4304-ac31-27387e5396f9","ts":"2025-07-04T01:00:24.981+02:00","source":{"id":"0","name":"eventBus"}}
{"__type":"$$EventMessageNode","id":"da68d534-f09f-4db7-bda8-6d4727dc7d99","ts":"2025-07-04T01:00:25.604+02:00","eventName":"n8n.node.finished","message":"n8n.node.finished","payload":{"workflowId":"ZNoDqeOhnVmvm4eL","workflowName":"Wake up Render","executionId":"85","nodeType":"n8n-nodes-base.telegram","nodeName":"Send a text message","nodeId":"fb60169c-e6cf-42ff-b857-31f640302a3d"}}
{"__type":"$$EventMessageConfirm","confirm":"da68d534-f09f-4db7-bda8-6d4727dc7d99","ts":"2025-07-04T01:00:25.604+02:00","source":{"id":"0","name":"eventBus"}}
{"__type":"$$EventMessageWorkflow","id":"5c97d2c4-18fe-4bd0-bfac-9289105578cd","ts":"2025-07-04T01:00:25.606+02:00","eventName":"n8n.workflow.success","message":"n8n.workflow.success","payload":{"userId":"5b170517-3acc-4861-ab5d-c30898c07dee","executionId":"85","success":true,"isManual":true,"workflowId":"ZNoDqeOhnVmvm4eL","workflowName":"Wake up Render"}}
{"__type":"$$EventMessageConfirm","confirm":"5c97d2c4-18fe-4bd0-bfac-9289105578cd","ts":"2025-07-04T01:00:25.606+02:00","source":{"id":"0","name":"eventBus"}}
